[ERROR] [2024-09-20 20:39:08] [module: script] Stock updated for product ID #3022: new stock 41 units
[WARNING] [2024-09-20 20:39:09] [module: script] Payment processed successfully for order ID #2864 amount: $382.64
[ERROR] [2024-09-20 20:39:11] [module: script] Low stock warning for product ID #3027: only 42 units left
[ERROR] [2024-09-20 20:39:12] [module: script] User ID #1285 submitted a review for product ID #3022: rating 3 stars
[ERROR] [2024-09-20 20:39:13] [module: script] User ID #1500 submitted a review for product ID #3002: rating 5 stars
[ERROR] [2024-09-20 20:39:14] [module: script] User ID #1371 added product ID #3044 to cart
[ERROR] [2024-09-20 20:39:15] [module: script] Low stock warning for product ID #3045: only 61 units left
[ERROR] [2024-09-20 20:39:17] [module: script] Order #2303 created for user ID #1210
[INFO] [2024-09-20 20:39:18] [module: script] Payment failed for order ID #2178 amount: $277.26
[INFO] [2024-09-20 20:39:19] [module: script] Order #2890 created for user ID #1273
[ERROR] [2024-09-20 20:39:21] [module: script] User ID #1463 submitted a review for product ID #3050: rating 5 stars
[ERROR] [2024-09-20 20:39:23] [module: script] Order #2659 canceled by user ID #1089
[INFO] [2024-09-20 20:39:24] [module: script] Shipping label generated for order ID #2549
[WARNING] [2024-09-20 20:39:25] [module: script] Order #2055 canceled by user ID #1382
[WARNING] [2024-09-20 20:39:26] [module: script] Product search for query 'blender'
[ERROR] [2024-09-20 20:39:27] [module: script] User ID #1180 added product ID #3044 to cart
[INFO] [2024-09-20 20:39:28] [module: script] Order #2807 shipped to user ID #1021
[WARNING] [2024-09-20 20:39:28] [module: script] User ID #1437 reported an issue with review on product ID #3030
[ERROR] [2024-09-20 20:39:29] [module: script] User ID #1303 reported an issue with review on product ID #3026
[ERROR] [2024-09-20 20:39:31] [module: script] Payment processed successfully for order ID #2698 amount: $247.85
[ERROR] [2024-09-20 20:39:31] [module: script] Payment failed for order ID #2201 amount: $270.62
[WARNING] [2024-09-20 20:39:32] [module: script] Low stock warning for product ID #3047: only 92 units left
[ERROR] [2024-09-20 20:39:33] [module: script] User ID #1381 reported an issue with review on product ID #3009
[WARNING] [2024-09-20 20:39:34] [module: script] Payment failed for order ID #2175 amount: $127.34
[INFO] [2024-09-20 20:39:36] [module: script] Payment processed successfully for order ID #2819 amount: $104.23
[ERROR] [2024-09-20 20:39:37] [module: script] User ID #1253 failed to add product ID #3008 to cart, out of stock
[INFO] [2024-09-20 20:39:38] [module: script] Payment failed for order ID #2697 amount: $222.56
[WARNING] [2024-09-20 20:39:39] [module: script] User ID #1116 failed to add product ID #3020 to cart, out of stock
[ERROR] [2024-09-20 20:39:40] [module: script] Product search for query 'dressing table'
[WARNING] [2024-09-20 20:39:42] [module: script] Stock updated for product ID #3029: new stock 67 units
[INFO] [2024-09-20 20:39:43] [module: script] User ID #1153 failed to add product ID #3018 to cart, out of stock
[WARNING] [2024-09-20 20:39:44] [module: script] User ID #1185 failed to add product ID #3013 to cart, out of stock
[INFO] [2024-09-20 20:39:46] [module: script] Low stock warning for product ID #3005: only 37 units left
[WARNING] [2024-09-20 20:39:46] [module: script] Low stock warning for product ID #3040: only 26 units left
[ERROR] [2024-09-20 20:39:47] [module: script] User ID #1095 reported an issue with review on product ID #3004
[ERROR] [2024-09-20 20:39:48] [module: script] Order #2673 canceled by user ID #1211
[WARNING] [2024-09-20 20:39:49] [module: script] Product search for query 'digital camera'
[ERROR] [2024-09-20 20:39:50] [module: script] User ID #1068 reported an issue with review on product ID #3003
[ERROR] [2024-09-20 20:39:52] [module: script] User ID #1264 added product ID #3012 to cart
[ERROR] [2024-09-20 20:39:53] [module: script] Order #2898 created for user ID #1087
[ERROR] [2024-09-20 20:39:54] [module: script] User ID #1318 failed to add product ID #3008 to cart, out of stock
[WARNING] [2024-09-20 20:39:55] [module: script] Product search for query 'study desk'
[WARNING] [2024-09-20 20:39:57] [module: script] Shipping delay for order ID #2082
[INFO] [2024-09-20 20:39:58] [module: script] Shipping delay for order ID #2054
[INFO] [2024-09-20 20:39:58] [module: script] Product search timeout for query 'kitchen cabinet'
[INFO] [2024-09-20 20:39:59] [module: script] User ID #1097 submitted a review for product ID #3025: rating 2 stars
[ERROR] [2024-09-20 20:40:00] [module: script] Order #2719 shipped to user ID #1222
[ERROR] [2024-09-20 20:40:01] [module: script] User ID #1045 added product ID #3043 to cart
[ERROR] [2024-09-20 20:40:03] [module: script] User ID #1426 failed to add product ID #3040 to cart, out of stock
[WARNING] [2024-09-20 20:40:04] [module: script] User ID #1146 submitted a review for product ID #3012: rating 4 stars